<?xml version="1.0" encoding="UTF-8"?>
<testng-results ignored="0" total="2" passed="2" failed="0" skipped="0">
  <reporter-output>
  </reporter-output>
  <suite started-at="2023-07-15T16:19:15 IST" name="Default suite" finished-at="2023-07-15T16:19:19 IST" duration-ms="4482">
    <groups>
    </groups>
    <test started-at="2023-07-15T16:19:15 IST" name="Default test" finished-at="2023-07-15T16:19:19 IST" duration-ms="4482">
      <class name="Parameterization.Facebook">
        <test-method signature="Setup()[pri:0, instance:Parameterization.Facebook@6e9175d8]" started-at="2023-07-15T16:19:15 IST" name="Setup" finished-at="2023-07-15T16:19:19 IST" duration-ms="4318" status="PASS">
          <reporter-output>
          </reporter-output>
        </test-method> <!-- Setup -->
        <test-method signature="teardown()[pri:0, instance:Parameterization.Facebook@6e9175d8]" started-at="2023-07-15T16:19:19 IST" name="teardown" finished-at="2023-07-15T16:19:19 IST" duration-ms="6" status="PASS">
          <reporter-output>
          </reporter-output>
        </test-method> <!-- teardown -->
      </class> <!-- Parameterization.Facebook -->
    </test> <!-- Default test -->
  </suite> <!-- Default suite -->
</testng-results>
